Performing C SOURCE FILE Test CMAKE_HAVE_LIBC_PTHREAD failed with the following output:
Change Dir: /home/hermann/Ucu/OS_2019/Project/bfs/rpc/build/CMakeFiles/CMakeTmp

Run Build Command(s):/usr/bin/make cmTC_b6c9f/fast && /usr/bin/make -f CMakeFiles/cmTC_b6c9f.dir/build.make CMakeFiles/cmTC_b6c9f.dir/build
make[1]: Entering directory '/home/hermann/Ucu/OS_2019/Project/bfs/rpc/build/CMakeFiles/CMakeTmp'
Building C object CMakeFiles/cmTC_b6c9f.dir/src.c.o
/usr/bin/cc   -DCMAKE_HAVE_LIBC_PTHREAD   -o CMakeFiles/cmTC_b6c9f.dir/src.c.o   -c /home/hermann/Ucu/OS_2019/Project/bfs/rpc/build/CMakeFiles/CMakeTmp/src.c
Linking C executable cmTC_b6c9f
/usr/bin/cmake -E cmake_link_script CMakeFiles/cmTC_b6c9f.dir/link.txt --verbose=1
/usr/bin/cc  -DCMAKE_HAVE_LIBC_PTHREAD    CMakeFiles/cmTC_b6c9f.dir/src.c.o  -o cmTC_b6c9f 
/usr/bin/ld: CMakeFiles/cmTC_b6c9f.dir/src.c.o: in function `main':
src.c:(.text+0x3e): undefined reference to `pthread_create'
/usr/bin/ld: src.c:(.text+0x4a): undefined reference to `pthread_detach'
/usr/bin/ld: src.c:(.text+0x5b): undefined reference to `pthread_join'
collect2: error: ld returned 1 exit status
make[1]: *** [CMakeFiles/cmTC_b6c9f.dir/build.make:87: cmTC_b6c9f] Error 1
make[1]: Leaving directory '/home/hermann/Ucu/OS_2019/Project/bfs/rpc/build/CMakeFiles/CMakeTmp'
make: *** [Makefile:121: cmTC_b6c9f/fast] Error 2


Source file was:
#include <pthread.h>

void* test_func(void* data)
{
  return data;
}

int main(void)
{
  pthread_t thread;
  pthread_create(&thread, NULL, test_func, NULL);
  pthread_detach(thread);
  pthread_join(thread, NULL);
  pthread_atfork(NULL, NULL, NULL);
  pthread_exit(NULL);

  return 0;
}

Determining if the function pthread_create exists in the pthreads failed with the following output:
Change Dir: /home/hermann/Ucu/OS_2019/Project/bfs/rpc/build/CMakeFiles/CMakeTmp

Run Build Command(s):/usr/bin/make cmTC_57f9e/fast && /usr/bin/make -f CMakeFiles/cmTC_57f9e.dir/build.make CMakeFiles/cmTC_57f9e.dir/build
make[1]: Entering directory '/home/hermann/Ucu/OS_2019/Project/bfs/rpc/build/CMakeFiles/CMakeTmp'
Building C object CMakeFiles/cmTC_57f9e.dir/CheckFunctionExists.c.o
/usr/bin/cc   -DCHECK_FUNCTION_EXISTS=pthread_create   -o CMakeFiles/cmTC_57f9e.dir/CheckFunctionExists.c.o   -c /usr/share/cmake-3.15/Modules/CheckFunctionExists.c
Linking C executable cmTC_57f9e
/usr/bin/cmake -E cmake_link_script CMakeFiles/cmTC_57f9e.dir/link.txt --verbose=1
/usr/bin/cc  -DCHECK_FUNCTION_EXISTS=pthread_create    CMakeFiles/cmTC_57f9e.dir/CheckFunctionExists.c.o  -o cmTC_57f9e -lpthreads 
/usr/bin/ld: cannot find -lpthreads
collect2: error: ld returned 1 exit status
make[1]: *** [CMakeFiles/cmTC_57f9e.dir/build.make:87: cmTC_57f9e] Error 1
make[1]: Leaving directory '/home/hermann/Ucu/OS_2019/Project/bfs/rpc/build/CMakeFiles/CMakeTmp'
make: *** [Makefile:121: cmTC_57f9e/fast] Error 2



